0 info it worked if it ends with ok
1 verbose cli [ 'E:\\nodejs\\node.exe',
1 verbose cli   'E:\\nodejs\\node_modules\\npm\\bin\\npm-cli.js',
1 verbose cli   'run',
1 verbose cli   'mock' ]
2 info using npm@3.10.10
3 info using node@v6.11.2
4 verbose run-script [ 'premock', 'mock', 'postmock' ]
5 info lifecycle react-dianping-webpack@1.0.0~premock: react-dianping-webpack@1.0.0
6 silly lifecycle react-dianping-webpack@1.0.0~premock: no script for premock, continuing
7 info lifecycle react-dianping-webpack@1.0.0~mock: react-dianping-webpack@1.0.0
8 verbose lifecycle react-dianping-webpack@1.0.0~mock: unsafe-perm in lifecycle true
9 verbose lifecycle react-dianping-webpack@1.0.0~mock: PATH: E:\nodejs\node_modules\npm\bin\node-gyp-bin;E:\react-dianping\node_modules\.bin;d:\app\fxf\product\11.2.0\dbhome_1\bin;E:JDK\lib;E:\JDK\bin;c:\windows\system32;D:\apache-maven-3.3.9\bin;D:\SVNserver\bin;D:\SVNclient\bin;C:\Windows;C:\Windows\system32\wbem;D:\VisualSVN Server\bin;E:\nodejs\;E:\ultraedit;C:\Program Files\MySQL\MySQL Server 5.6\bin;D:\git\Git\cmd;D:\anaconda2;D:\anaconda2\Scripts;D:\anaconda2\Library\bin;D:\anaconda;D:\anaconda\Scripts;D:\anaconda\Library\bin;D:\vc++6.0\Tools\WinNT;D:\vc++6.0\MSDev98\Bin;D:\vc++6.0\Tools;D:\VC98\bin;E:\jdk1.6.0_43\bin;C:\Users\fxf\AppData\Roaming\npm
10 verbose lifecycle react-dianping-webpack@1.0.0~mock: CWD: E:\react-dianping
11 silly lifecycle react-dianping-webpack@1.0.0~mock: Args: [ '/d /s /c', 'node --harmony ./mock/server.js' ]
12 verbose stack Error: kill ENOSYS
12 verbose stack     at exports._errnoException (util.js:1020:11)
12 verbose stack     at process.kill (internal/process.js:190:13)
12 verbose stack     at process.listener (E:\nodejs\node_modules\npm\node_modules\npmlog\node_modules\gauge\node_modules\signal-exit\index.js:86:15)
12 verbose stack     at emitNone (events.js:91:20)
12 verbose stack     at process.emit (events.js:185:7)
12 verbose stack     at processEmit (E:\nodejs\node_modules\npm\node_modules\npmlog\node_modules\gauge\node_modules\signal-exit\index.js:146:32)
12 verbose stack     at processEmit (E:\nodejs\node_modules\npm\node_modules\npm-registry-client\node_modules\npmlog\node_modules\gauge\node_modules\signal-exit\index.js:146:32)
12 verbose stack     at Signal.wrap.onsignal (internal/process.js:217:44)
13 verbose cwd E:\react-dianping
14 error Windows_NT 6.3.9600
15 error argv "E:\\nodejs\\node.exe" "E:\\nodejs\\node_modules\\npm\\bin\\npm-cli.js" "run" "mock"
16 error node v6.11.2
17 error npm  v3.10.10
18 error code ENOSYS
19 error errno ENOSYS
20 error syscall kill
21 error kill ENOSYS
22 error If you need help, you may report this error at:
22 error     <https://github.com/npm/npm/issues>
23 verbose exit [ 1, true ]
